{"timestamp": "2025-04-03 17:12:56", "level": "LOG_INFO", "category": "LOG_CONFIG", "file": "D:/developing/c++/SauberZauber/modules/settings/ThemeManager.cpp", "function": "applyTheme", "line": 69, "message": "Applied theme: Dark"}
{"timestamp": "2025-04-03 17:12:56", "level": "LOG_INFO", "category": "LOG_CONFIG", "file": "D:/developing/c++/SauberZauber/modules/settings/ThemeManager.cpp", "function": "applyTheme", "line": 69, "message": "Applied theme: Dark"}
{"timestamp": "2025-04-03 17:13:27", "level": "LOG_INFO", "category": "LOG_CONFIG", "file": "D:/developing/c++/SauberZauber/modules/settings/ThemeManager.cpp", "function": "applyTheme", "line": 69, "message": "Applied theme: Dark"}
{"timestamp": "2025-04-03 17:13:27", "level": "LOG_INFO", "category": "LOG_CONFIG", "file": "D:/developing/c++/SauberZauber/modules/settings/ThemeManager.cpp", "function": "applyTheme", "line": 69, "message": "Applied theme: Dark"}
{"timestamp": "2025-04-03 17:35:54", "level": "LOG_INFO", "category": "LOG_CONFIG", "file": "D:/developing/c++/SauberZauber/modules/settings/ThemeManager.cpp", "function": "applyTheme", "line": 69, "message": "Applied theme: Dark"}
{"timestamp": "2025-04-03 17:35:54", "level": "LOG_INFO", "category": "LOG_CONFIG", "file": "D:/developing/c++/SauberZauber/modules/settings/ThemeManager.cpp", "function": "applyTheme", "line": 69, "message": "Applied theme: Dark"}
{"timestamp": "2025-04-03 17:37:53", "level": "LOG_INFO", "category": "LOG_CONFIG", "file": "D:/developing/c++/SauberZauber/modules/settings/ThemeManager.cpp", "function": "applyTheme", "line": 69, "message": "Applied theme: Dark"}
{"timestamp": "2025-04-03 17:37:53", "level": "LOG_INFO", "category": "LOG_CONFIG", "file": "D:/developing/c++/SauberZauber/modules/settings/ThemeManager.cpp", "function": "applyTheme", "line": 69, "message": "Applied theme: Dark"}
{"timestamp": "2025-04-03 17:38:31", "level": "LOG_INFO", "category": "LOG_CONFIG", "file": "D:/developing/c++/SauberZauber/modules/settings/ThemeManager.cpp", "function": "applyTheme", "line": 69, "message": "Applied theme: Dark"}
{"timestamp": "2025-04-03 17:38:31", "level": "LOG_INFO", "category": "LOG_CONFIG", "file": "D:/developing/c++/SauberZauber/modules/settings/ThemeManager.cpp", "function": "applyTheme", "line": 69, "message": "Applied theme: Dark"}
{"timestamp": "2025-04-03 17:39:41", "level": "LOG_INFO", "category": "LOG_CONFIG", "file": "D:/developing/c++/SauberZauber/modules/settings/ThemeManager.cpp", "function": "applyTheme", "line": 69, "message": "Applied theme: Dark"}
{"timestamp": "2025-04-03 17:39:41", "level": "LOG_INFO", "category": "LOG_CONFIG", "file": "D:/developing/c++/SauberZauber/modules/settings/ThemeManager.cpp", "function": "applyTheme", "line": 69, "message": "Applied theme: Dark"}
{"timestamp": "2025-04-03 17:40:02", "level": "LOG_INFO", "category": "LOG_CONFIG", "file": "D:/developing/c++/SauberZauber/modules/settings/ThemeManager.cpp", "function": "applyTheme", "line": 69, "message": "Applied theme: Dark"}
{"timestamp": "2025-04-03 17:40:02", "level": "LOG_INFO", "category": "LOG_CONFIG", "file": "D:/developing/c++/SauberZauber/modules/settings/ThemeManager.cpp", "function": "applyTheme", "line": 69, "message": "Applied theme: Dark"}
{"timestamp": "2025-04-03 17:40:17", "level": "LOG_INFO", "category": "LOG_CONFIG", "file": "D:/developing/c++/SauberZauber/modules/settings/ThemeManager.cpp", "function": "applyTheme", "line": 69, "message": "Applied theme: Dark"}
{"timestamp": "2025-04-03 17:40:17", "level": "LOG_INFO", "category": "LOG_CONFIG", "file": "D:/developing/c++/SauberZauber/modules/settings/ThemeManager.cpp", "function": "applyTheme", "line": 69, "message": "Applied theme: Dark"}
{"timestamp": "2025-04-03 17:40:33", "level": "LOG_INFO", "category": "LOG_CONFIG", "file": "D:/developing/c++/SauberZauber/modules/settings/ThemeManager.cpp", "function": "applyTheme", "line": 69, "message": "Applied theme: Dark"}
{"timestamp": "2025-04-03 17:40:33", "level": "LOG_INFO", "category": "LOG_CONFIG", "file": "D:/developing/c++/SauberZauber/modules/settings/ThemeManager.cpp", "function": "applyTheme", "line": 69, "message": "Applied theme: Dark"}
{"timestamp": "2025-04-03 17:40:42", "level": "LOG_INFO", "category": "LOG_CLEANING", "file": "D:/developing/c++/SauberZauber/modules/cleaners/FindDuplicates.cpp", "function": "findInFolder", "line": 35, "message": "Starte Duplikat-Suche in: C:\Temp"}
{"timestamp": "2025-04-03 17:40:42", "level": "LOG_ERROR", "category": "LOG_FILES", "file": "D:/developing/c++/SauberZauber/modules/cleaners/FindDuplicates.cpp", "function": "findInFolder", "line": 84, "message": "Fehler beim Durchsuchen: filesystem error: recursive directory iterator cannot open directory: No such file or directory [C:\Temp]"}
{"timestamp": "2025-04-03 17:40:42", "level": "LOG_INFO", "category": "LOG_CLEANING", "file": "D:/developing/c++/SauberZauber/modules/cleaners/FindFiles.cpp", "function": "findLargeFiles", "line": 13, "message": "Suche nach großen Dateien in: C:\Temp"}
{"timestamp": "2025-04-03 17:40:42", "level": "LOG_ERROR", "category": "LOG_FILES", "file": "D:/developing/c++/SauberZauber/modules/cleaners/FindFiles.cpp", "function": "findLargeFiles", "line": 37, "message": "Fehler beim Durchsuchen: filesystem error: recursive directory iterator cannot open directory: No such file or directory [C:\Temp]"}
{"timestamp": "2025-04-03 17:40:42", "level": "LOG_INFO", "category": "LOG_CLEANING", "file": "D:/developing/c++/SauberZauber/modules/cleaners/FindFiles.cpp", "function": "findLargeFiles", "line": 41, "message": "Anzahl großer Dateien: 0"}
{"timestamp": "2025-04-03 17:40:48", "level": "LOG_INFO", "category": "LOG_CLEANING", "file": "D:/developing/c++/SauberZauber/modules/cleaners/FindDuplicates.cpp", "function": "findInFolder", "line": 35, "message": "Starte Duplikat-Suche in: C:\Temp"}
{"timestamp": "2025-04-03 17:40:48", "level": "LOG_ERROR", "category": "LOG_FILES", "file": "D:/developing/c++/SauberZauber/modules/cleaners/FindDuplicates.cpp", "function": "findInFolder", "line": 84, "message": "Fehler beim Durchsuchen: filesystem error: recursive directory iterator cannot open directory: No such file or directory [C:\Temp]"}
{"timestamp": "2025-04-03 17:40:48", "level": "LOG_INFO", "category": "LOG_CLEANING", "file": "D:/developing/c++/SauberZauber/modules/cleaners/FindFiles.cpp", "function": "findLargeFiles", "line": 13, "message": "Suche nach großen Dateien in: C:\Temp"}
{"timestamp": "2025-04-03 17:40:48", "level": "LOG_ERROR", "category": "LOG_FILES", "file": "D:/developing/c++/SauberZauber/modules/cleaners/FindFiles.cpp", "function": "findLargeFiles", "line": 37, "message": "Fehler beim Durchsuchen: filesystem error: recursive directory iterator cannot open directory: No such file or directory [C:\Temp]"}
{"timestamp": "2025-04-03 17:40:48", "level": "LOG_INFO", "category": "LOG_CLEANING", "file": "D:/developing/c++/SauberZauber/modules/cleaners/FindFiles.cpp", "function": "findLargeFiles", "line": 41, "message": "Anzahl großer Dateien: 0"}
{"timestamp": "2025-04-03 17:45:17", "level": "LOG_INFO", "category": "LOG_CONFIG", "file": "D:/developing/c++/SauberZauber/modules/settings/ThemeManager.cpp", "function": "applyTheme", "line": 69, "message": "Applied theme: Dark"}
{"timestamp": "2025-04-03 17:45:17", "level": "LOG_INFO", "category": "LOG_CONFIG", "file": "D:/developing/c++/SauberZauber/modules/settings/ThemeManager.cpp", "function": "applyTheme", "line": 69, "message": "Applied theme: Dark"}
{"timestamp": "2025-04-03 17:45:19", "level": "LOG_DEBUG", "category": "LOG_GENERAL", "file": "D:/developing/c++/SauberZauber/modules/utilities/getFolder.cpp", "function": "openDialog", "line": 14, "message": "Öffne Ordnerauswahl-Dialog"}
{"timestamp": "2025-04-03 17:45:27", "level": "LOG_INFO", "category": "LOG_GENERAL", "file": "D:/developing/c++/SauberZauber/modules/utilities/getFolder.cpp", "function": "openDialog", "line": 36, "message": "Ordner ausgewählt: C:\Users\matte\Desktop\tech stuff"}
{"timestamp": "2025-04-03 17:45:28", "level": "LOG_INFO", "category": "LOG_CLEANING", "file": "D:/developing/c++/SauberZauber/modules/cleaners/FindDuplicates.cpp", "function": "findInFolder", "line": 35, "message": "Starte Duplikat-Suche in: C:\Users\matte\Desktop\tech stuff"}
{"timestamp": "2025-04-03 17:45:28", "level": "LOG_INFO", "category": "LOG_FILES", "file": "D:/developing/c++/SauberZauber/modules/cleaners/FindDuplicates.cpp", "function": "findInFolder", "line": 72, "message": "Duplikat gefunden: C:\Users\matte\Desktop\tech stuff\ScheduleOne.Economy.txt <==> C:\Users\matte\Desktop\tech stuff\ScheduleOne.Economy1.txt"}
{"timestamp": "2025-04-03 17:45:28", "level": "LOG_INFO", "category": "LOG_CLEANING", "file": "D:/developing/c++/SauberZauber/modules/cleaners/FindFiles.cpp", "function": "findLargeFiles", "line": 13, "message": "Suche nach großen Dateien in: C:\Users\matte\Desktop\tech stuff"}
{"timestamp": "2025-04-03 17:45:28", "level": "LOG_INFO", "category": "LOG_CLEANING", "file": "D:/developing/c++/SauberZauber/modules/cleaners/FindFiles.cpp", "function": "findLargeFiles", "line": 41, "message": "Anzahl großer Dateien: 0"}
{"timestamp": "2025-04-03 17:46:11", "level": "LOG_INFO", "category": "LOG_CONFIG", "file": "D:/developing/c++/SauberZauber/modules/settings/ThemeManager.cpp", "function": "applyTheme", "line": 69, "message": "Applied theme: Dark"}
{"timestamp": "2025-04-03 17:46:11", "level": "LOG_INFO", "category": "LOG_CONFIG", "file": "D:/developing/c++/SauberZauber/modules/settings/ThemeManager.cpp", "function": "applyTheme", "line": 69, "message": "Applied theme: Dark"}
{"timestamp": "2025-04-03 17:46:13", "level": "LOG_DEBUG", "category": "LOG_GENERAL", "file": "D:/developing/c++/SauberZauber/modules/utilities/getFolder.cpp", "function": "openDialog", "line": 14, "message": "Öffne Ordnerauswahl-Dialog"}
{"timestamp": "2025-04-03 17:46:17", "level": "LOG_INFO", "category": "LOG_GENERAL", "file": "D:/developing/c++/SauberZauber/modules/utilities/getFolder.cpp", "function": "openDialog", "line": 36, "message": "Ordner ausgewählt: C:\Users\matte\Desktop\tech stuff"}
{"timestamp": "2025-04-03 17:46:20", "level": "LOG_INFO", "category": "LOG_CLEANING", "file": "D:/developing/c++/SauberZauber/modules/cleaners/FindDuplicates.cpp", "function": "findInFolder", "line": 35, "message": "Starte Duplikat-Suche in: C:\Users\matte\Desktop\tech stuff"}
{"timestamp": "2025-04-03 17:46:20", "level": "LOG_INFO", "category": "LOG_FILES", "file": "D:/developing/c++/SauberZauber/modules/cleaners/FindDuplicates.cpp", "function": "findInFolder", "line": 72, "message": "Duplikat gefunden: C:\Users\matte\Desktop\tech stuff\ScheduleOne.Economy.txt <==> C:\Users\matte\Desktop\tech stuff\ScheduleOne.Economy1.txt"}
{"timestamp": "2025-04-03 17:46:20", "level": "LOG_INFO", "category": "LOG_CLEANING", "file": "D:/developing/c++/SauberZauber/modules/cleaners/FindFiles.cpp", "function": "findLargeFiles", "line": 13, "message": "Suche nach großen Dateien in: C:\Users\matte\Desktop\tech stuff"}
{"timestamp": "2025-04-03 17:46:20", "level": "LOG_INFO", "category": "LOG_CLEANING", "file": "D:/developing/c++/SauberZauber/modules/cleaners/FindFiles.cpp", "function": "findLargeFiles", "line": 41, "message": "Anzahl großer Dateien: 0"}
{"timestamp": "2025-04-03 17:54:14", "level": "LOG_INFO", "category": "LOG_CONFIG", "file": "D:/developing/c++/SauberZauber/modules/settings/ThemeManager.cpp", "function": "applyTheme", "line": 69, "message": "Applied theme: Dark"}
{"timestamp": "2025-04-03 17:54:14", "level": "LOG_INFO", "category": "LOG_CONFIG", "file": "D:/developing/c++/SauberZauber/modules/settings/ThemeManager.cpp", "function": "applyTheme", "line": 69, "message": "Applied theme: Dark"}
{"timestamp": "2025-04-03 17:54:17", "level": "LOG_DEBUG", "category": "LOG_GENERAL", "file": "D:/developing/c++/SauberZauber/modules/utilities/getFolder.cpp", "function": "openDialog", "line": 14, "message": "Öffne Ordnerauswahl-Dialog"}
{"timestamp": "2025-04-03 17:54:23", "level": "LOG_INFO", "category": "LOG_GENERAL", "file": "D:/developing/c++/SauberZauber/modules/utilities/getFolder.cpp", "function": "openDialog", "line": 36, "message": "Ordner ausgewählt: C:\Users\matte\Desktop\tech stuff"}
{"timestamp": "2025-04-03 17:54:24", "level": "LOG_INFO", "category": "LOG_CLEANING", "file": "D:/developing/c++/SauberZauber/modules/cleaners/FindDuplicates.cpp", "function": "findInFolder", "line": 35, "message": "Starte Duplikat-Suche in: C:\Users\matte\Desktop\tech stuff"}
{"timestamp": "2025-04-03 17:54:24", "level": "LOG_INFO", "category": "LOG_FILES", "file": "D:/developing/c++/SauberZauber/modules/cleaners/FindDuplicates.cpp", "function": "findInFolder", "line": 72, "message": "Duplikat gefunden: C:\Users\matte\Desktop\tech stuff\ScheduleOne.Economy.txt <==> C:\Users\matte\Desktop\tech stuff\ScheduleOne.Economy1.txt"}
{"timestamp": "2025-04-03 17:54:24", "level": "LOG_INFO", "category": "LOG_CLEANING", "file": "D:/developing/c++/SauberZauber/modules/cleaners/FindFiles.cpp", "function": "findLargeFiles", "line": 13, "message": "Suche nach großen Dateien in: C:\Users\matte\Desktop\tech stuff"}
{"timestamp": "2025-04-03 17:54:24", "level": "LOG_INFO", "category": "LOG_CLEANING", "file": "D:/developing/c++/SauberZauber/modules/cleaners/FindFiles.cpp", "function": "findLargeFiles", "line": 41, "message": "Anzahl großer Dateien: 0"}
{"timestamp": "2025-04-03 17:54:32", "level": "LOG_DEBUG", "category": "LOG_GENERAL", "file": "D:/developing/c++/SauberZauber/modules/utilities/getFolder.cpp", "function": "openDialog", "line": 14, "message": "Öffne Ordnerauswahl-Dialog"}
{"timestamp": "2025-04-03 17:54:33", "level": "LOG_INFO", "category": "LOG_GENERAL", "file": "D:/developing/c++/SauberZauber/modules/utilities/getFolder.cpp", "function": "openDialog", "line": 36, "message": "Ordner ausgewählt: C:\Users\matte\Desktop\tech stuff"}
{"timestamp": "2025-04-03 18:00:39", "level": "LOG_INFO", "category": "LOG_CONFIG", "file": "D:/developing/c++/SauberZauber/modules/settings/ThemeManager.cpp", "function": "applyTheme", "line": 69, "message": "Applied theme: Dark"}
{"timestamp": "2025-04-03 18:00:39", "level": "LOG_INFO", "category": "LOG_CONFIG", "file": "D:/developing/c++/SauberZauber/modules/settings/ThemeManager.cpp", "function": "applyTheme", "line": 69, "message": "Applied theme: Dark"}
{"timestamp": "2025-04-03 18:00:41", "level": "LOG_DEBUG", "category": "LOG_GENERAL", "file": "D:/developing/c++/SauberZauber/modules/utilities/getFolder.cpp", "function": "openDialog", "line": 14, "message": "Öffne Ordnerauswahl-Dialog"}
{"timestamp": "2025-04-03 18:00:43", "level": "LOG_INFO", "category": "LOG_GENERAL", "file": "D:/developing/c++/SauberZauber/modules/utilities/getFolder.cpp", "function": "openDialog", "line": 36, "message": "Ordner ausgewählt: C:\Users\matte\Desktop\tech stuff"}
{"timestamp": "2025-04-03 18:00:44", "level": "LOG_INFO", "category": "LOG_CLEANING", "file": "D:/developing/c++/SauberZauber/gui.cpp", "function": "Render", "line": 346, "message": "Async-Scan gestartet für: C:\Users\matte\Desktop\tech stuff"}
{"timestamp": "2025-04-03 18:00:44", "level": "LOG_INFO", "category": "LOG_CLEANING", "file": "D:/developing/c++/SauberZauber/modules/cleaners/FindDuplicates.cpp", "function": "findInFolder", "line": 35, "message": "Starte Duplikat-Suche in: C:\Users\matte\Desktop\tech stuff"}
{"timestamp": "2025-04-03 18:00:44", "level": "LOG_INFO", "category": "LOG_FILES", "file": "D:/developing/c++/SauberZauber/modules/cleaners/FindDuplicates.cpp", "function": "findInFolder", "line": 72, "message": "Duplikat gefunden: C:\Users\matte\Desktop\tech stuff\ScheduleOne.Economy.txt <==> C:\Users\matte\Desktop\tech stuff\ScheduleOne.Economy1.txt"}
{"timestamp": "2025-04-03 18:00:44", "level": "LOG_INFO", "category": "LOG_CLEANING", "file": "D:/developing/c++/SauberZauber/modules/cleaners/FindFiles.cpp", "function": "findLargeFiles", "line": 13, "message": "Suche nach großen Dateien in: C:\Users\matte\Desktop\tech stuff"}
{"timestamp": "2025-04-03 18:00:44", "level": "LOG_INFO", "category": "LOG_CLEANING", "file": "D:/developing/c++/SauberZauber/modules/cleaners/FindFiles.cpp", "function": "findLargeFiles", "line": 41, "message": "Anzahl großer Dateien: 0"}
{"timestamp": "2025-04-03 18:00:44", "level": "LOG_INFO", "category": "LOG_CLEANING", "file": "D:/developing/c++/SauberZauber/gui.cpp", "function": "Render", "line": 369, "message": "Async-Scan abgeschlossen. Duplikate: 1, Große Dateien: 0"}
{"timestamp": "2025-04-03 18:01:53", "level": "LOG_INFO", "category": "LOG_CONFIG", "file": "D:/developing/c++/SauberZauber/modules/settings/ThemeManager.cpp", "function": "applyTheme", "line": 69, "message": "Applied theme: Dark"}
{"timestamp": "2025-04-03 18:01:53", "level": "LOG_INFO", "category": "LOG_CONFIG", "file": "D:/developing/c++/SauberZauber/modules/settings/ThemeManager.cpp", "function": "applyTheme", "line": 69, "message": "Applied theme: Dark"}
{"timestamp": "2025-04-03 18:01:56", "level": "LOG_DEBUG", "category": "LOG_GENERAL", "file": "D:/developing/c++/SauberZauber/modules/utilities/getFolder.cpp", "function": "openDialog", "line": 14, "message": "Öffne Ordnerauswahl-Dialog"}
{"timestamp": "2025-04-03 18:01:57", "level": "LOG_INFO", "category": "LOG_GENERAL", "file": "D:/developing/c++/SauberZauber/modules/utilities/getFolder.cpp", "function": "openDialog", "line": 36, "message": "Ordner ausgewählt: C:\Users\matte\Desktop\tech stuff"}
{"timestamp": "2025-04-03 18:01:58", "level": "LOG_INFO", "category": "LOG_CLEANING", "file": "D:/developing/c++/SauberZauber/gui.cpp", "function": "Render", "line": 346, "message": "Async-Scan gestartet für: C:\Users\matte\Desktop\tech stuff"}
{"timestamp": "2025-04-03 18:01:58", "level": "LOG_INFO", "category": "LOG_CLEANING", "file": "D:/developing/c++/SauberZauber/modules/cleaners/FindDuplicates.cpp", "function": "findInFolder", "line": 35, "message": "Starte Duplikat-Suche in: C:\Users\matte\Desktop\tech stuff"}
{"timestamp": "2025-04-03 18:01:58", "level": "LOG_INFO", "category": "LOG_FILES", "file": "D:/developing/c++/SauberZauber/modules/cleaners/FindDuplicates.cpp", "function": "findInFolder", "line": 72, "message": "Duplikat gefunden: C:\Users\matte\Desktop\tech stuff\ScheduleOne.Economy.txt <==> C:\Users\matte\Desktop\tech stuff\ScheduleOne.Economy1.txt"}
{"timestamp": "2025-04-03 18:01:58", "level": "LOG_INFO", "category": "LOG_CLEANING", "file": "D:/developing/c++/SauberZauber/modules/cleaners/FindFiles.cpp", "function": "findLargeFiles", "line": 13, "message": "Suche nach großen Dateien in: C:\Users\matte\Desktop\tech stuff"}
{"timestamp": "2025-04-03 18:01:58", "level": "LOG_INFO", "category": "LOG_CLEANING", "file": "D:/developing/c++/SauberZauber/modules/cleaners/FindFiles.cpp", "function": "findLargeFiles", "line": 41, "message": "Anzahl großer Dateien: 0"}
{"timestamp": "2025-04-03 18:01:58", "level": "LOG_INFO", "category": "LOG_CLEANING", "file": "D:/developing/c++/SauberZauber/gui.cpp", "function": "Render", "line": 369, "message": "Async-Scan abgeschlossen. Duplikate: 1, Große Dateien: 0"}
{"timestamp": "2025-04-03 18:04:30", "level": "LOG_INFO", "category": "LOG_CONFIG", "file": "D:/developing/c++/SauberZauber/modules/settings/ThemeManager.cpp", "function": "applyTheme", "line": 69, "message": "Applied theme: Dark"}
{"timestamp": "2025-04-03 18:04:30", "level": "LOG_INFO", "category": "LOG_CONFIG", "file": "D:/developing/c++/SauberZauber/modules/settings/ThemeManager.cpp", "function": "applyTheme", "line": 69, "message": "Applied theme: Dark"}
{"timestamp": "2025-04-03 18:04:32", "level": "LOG_DEBUG", "category": "LOG_GENERAL", "file": "D:/developing/c++/SauberZauber/modules/utilities/getFolder.cpp", "function": "openDialog", "line": 14, "message": "Öffne Ordnerauswahl-Dialog"}
{"timestamp": "2025-04-03 18:04:33", "level": "LOG_INFO", "category": "LOG_GENERAL", "file": "D:/developing/c++/SauberZauber/modules/utilities/getFolder.cpp", "function": "openDialog", "line": 36, "message": "Ordner ausgewählt: C:\Users\matte\Desktop\tech stuff"}
{"timestamp": "2025-04-03 18:04:34", "level": "LOG_INFO", "category": "LOG_CLEANING", "file": "D:/developing/c++/SauberZauber/gui.cpp", "function": "Render", "line": 346, "message": "Async-Scan gestartet für: C:\Users\matte\Desktop\tech stuff"}
{"timestamp": "2025-04-03 18:04:34", "level": "LOG_INFO", "category": "LOG_CLEANING", "file": "D:/developing/c++/SauberZauber/modules/cleaners/FindDuplicates.cpp", "function": "findInFolder", "line": 35, "message": "Starte Duplikat-Suche in: C:\Users\matte\Desktop\tech stuff"}
{"timestamp": "2025-04-03 18:04:34", "level": "LOG_INFO", "category": "LOG_FILES", "file": "D:/developing/c++/SauberZauber/modules/cleaners/FindDuplicates.cpp", "function": "findInFolder", "line": 72, "message": "Duplikat gefunden: C:\Users\matte\Desktop\tech stuff\ScheduleOne.Economy.txt <==> C:\Users\matte\Desktop\tech stuff\ScheduleOne.Economy1.txt"}
{"timestamp": "2025-04-03 18:04:34", "level": "LOG_INFO", "category": "LOG_CLEANING", "file": "D:/developing/c++/SauberZauber/modules/cleaners/FindFiles.cpp", "function": "findLargeFiles", "line": 13, "message": "Suche nach großen Dateien in: C:\Users\matte\Desktop\tech stuff"}
{"timestamp": "2025-04-03 18:04:34", "level": "LOG_INFO", "category": "LOG_CLEANING", "file": "D:/developing/c++/SauberZauber/modules/cleaners/FindFiles.cpp", "function": "findLargeFiles", "line": 41, "message": "Anzahl großer Dateien: 0"}
{"timestamp": "2025-04-03 18:04:34", "level": "LOG_INFO", "category": "LOG_CLEANING", "file": "D:/developing/c++/SauberZauber/gui.cpp", "function": "Render", "line": 368, "message": "Async-Scan abgeschlossen. Duplikate: 1, Große Dateien: 0"}
{"timestamp": "2025-04-03 18:07:20", "level": "LOG_INFO", "category": "LOG_CONFIG", "file": "D:/developing/c++/SauberZauber/modules/settings/ThemeManager.cpp", "function": "applyTheme", "line": 69, "message": "Applied theme: Dark"}
{"timestamp": "2025-04-03 18:07:20", "level": "LOG_INFO", "category": "LOG_CONFIG", "file": "D:/developing/c++/SauberZauber/modules/settings/ThemeManager.cpp", "function": "applyTheme", "line": 69, "message": "Applied theme: Dark"}
{"timestamp": "2025-04-03 18:07:23", "level": "LOG_DEBUG", "category": "LOG_GENERAL", "file": "D:/developing/c++/SauberZauber/modules/utilities/getFolder.cpp", "function": "openDialog", "line": 14, "message": "Öffne Ordnerauswahl-Dialog"}
{"timestamp": "2025-04-03 18:07:24", "level": "LOG_INFO", "category": "LOG_GENERAL", "file": "D:/developing/c++/SauberZauber/modules/utilities/getFolder.cpp", "function": "openDialog", "line": 36, "message": "Ordner ausgewählt: C:\Users\matte\Desktop\tech stuff"}
{"timestamp": "2025-04-03 18:07:25", "level": "LOG_INFO", "category": "LOG_CLEANING", "file": "D:/developing/c++/SauberZauber/gui.cpp", "function": "Render", "line": 346, "message": "Async-Scan gestartet für: C:\Users\matte\Desktop\tech stuff"}
{"timestamp": "2025-04-03 18:07:25", "level": "LOG_INFO", "category": "LOG_CLEANING", "file": "D:/developing/c++/SauberZauber/modules/cleaners/FindDuplicates.cpp", "function": "findInFolder", "line": 35, "message": "Starte Duplikat-Suche in: C:\Users\matte\Desktop\tech stuff"}
{"timestamp": "2025-04-03 18:07:25", "level": "LOG_INFO", "category": "LOG_FILES", "file": "D:/developing/c++/SauberZauber/modules/cleaners/FindDuplicates.cpp", "function": "findInFolder", "line": 72, "message": "Duplikat gefunden: C:\Users\matte\Desktop\tech stuff\ScheduleOne.Economy.txt <==> C:\Users\matte\Desktop\tech stuff\ScheduleOne.Economy1.txt"}
{"timestamp": "2025-04-03 18:07:25", "level": "LOG_INFO", "category": "LOG_CLEANING", "file": "D:/developing/c++/SauberZauber/modules/cleaners/FindFiles.cpp", "function": "findLargeFiles", "line": 13, "message": "Suche nach großen Dateien in: C:\Users\matte\Desktop\tech stuff"}
{"timestamp": "2025-04-03 18:07:25", "level": "LOG_INFO", "category": "LOG_CLEANING", "file": "D:/developing/c++/SauberZauber/modules/cleaners/FindFiles.cpp", "function": "findLargeFiles", "line": 41, "message": "Anzahl großer Dateien: 0"}
{"timestamp": "2025-04-03 18:07:25", "level": "LOG_INFO", "category": "LOG_CLEANING", "file": "D:/developing/c++/SauberZauber/gui.cpp", "function": "Render", "line": 368, "message": "Async-Scan abgeschlossen. Duplikate: 1, Große Dateien: 0"}
{"timestamp": "2025-04-03 18:09:21", "level": "LOG_INFO", "category": "LOG_CONFIG", "file": "D:/developing/c++/SauberZauber/modules/settings/ThemeManager.cpp", "function": "applyTheme", "line": 69, "message": "Applied theme: Dark"}
{"timestamp": "2025-04-03 18:09:21", "level": "LOG_INFO", "category": "LOG_CONFIG", "file": "D:/developing/c++/SauberZauber/modules/settings/ThemeManager.cpp", "function": "applyTheme", "line": 69, "message": "Applied theme: Dark"}
{"timestamp": "2025-04-03 18:09:26", "level": "LOG_DEBUG", "category": "LOG_GENERAL", "file": "D:/developing/c++/SauberZauber/modules/utilities/getFolder.cpp", "function": "openDialog", "line": 14, "message": "Öffne Ordnerauswahl-Dialog"}
{"timestamp": "2025-04-03 18:09:27", "level": "LOG_INFO", "category": "LOG_GENERAL", "file": "D:/developing/c++/SauberZauber/modules/utilities/getFolder.cpp", "function": "openDialog", "line": 36, "message": "Ordner ausgewählt: C:\Users\matte\Desktop\tech stuff"}
{"timestamp": "2025-04-03 18:09:28", "level": "LOG_INFO", "category": "LOG_CLEANING", "file": "D:/developing/c++/SauberZauber/gui.cpp", "function": "Render", "line": 346, "message": "Async-Scan gestartet für: C:\Users\matte\Desktop\tech stuff"}
{"timestamp": "2025-04-03 18:09:28", "level": "LOG_INFO", "category": "LOG_CLEANING", "file": "D:/developing/c++/SauberZauber/modules/cleaners/FindDuplicates.cpp", "function": "findInFolder", "line": 35, "message": "Starte Duplikat-Suche in: C:\Users\matte\Desktop\tech stuff"}
{"timestamp": "2025-04-03 18:09:28", "level": "LOG_INFO", "category": "LOG_FILES", "file": "D:/developing/c++/SauberZauber/modules/cleaners/FindDuplicates.cpp", "function": "findInFolder", "line": 72, "message": "Duplikat gefunden: C:\Users\matte\Desktop\tech stuff\ScheduleOne.Economy.txt <==> C:\Users\matte\Desktop\tech stuff\ScheduleOne.Economy1.txt"}
{"timestamp": "2025-04-03 18:09:28", "level": "LOG_INFO", "category": "LOG_CLEANING", "file": "D:/developing/c++/SauberZauber/modules/cleaners/FindFiles.cpp", "function": "findLargeFiles", "line": 13, "message": "Suche nach großen Dateien in: C:\Users\matte\Desktop\tech stuff"}
{"timestamp": "2025-04-03 18:09:28", "level": "LOG_DEBUG", "category": "LOG_FILES", "file": "D:/developing/c++/SauberZauber/modules/cleaners/FindFiles.cpp", "function": "findLargeFiles", "line": 30, "message": "Große Datei gefunden: C:\Users\matte\Desktop\tech stuff\big.txt (131392800 Bytes)"}
{"timestamp": "2025-04-03 18:09:28", "level": "LOG_INFO", "category": "LOG_CLEANING", "file": "D:/developing/c++/SauberZauber/modules/cleaners/FindFiles.cpp", "function": "findLargeFiles", "line": 41, "message": "Anzahl großer Dateien: 1"}
{"timestamp": "2025-04-03 18:09:28", "level": "LOG_INFO", "category": "LOG_CLEANING", "file": "D:/developing/c++/SauberZauber/gui.cpp", "function": "Render", "line": 368, "message": "Async-Scan abgeschlossen. Duplikate: 1, Große Dateien: 1"}
{"timestamp": "2025-04-03 18:09:35", "level": "LOG_DEBUG", "category": "LOG_GENERAL", "file": "D:/developing/c++/SauberZauber/modules/utilities/PopupHandler.cpp", "function": "openConfirmationPopup", "line": 21, "message": "Popup geöffnet: deleteSelected - Möchtest du die markierten Dateien wirklich löschen?"}
{"timestamp": "2025-04-03 18:09:41", "level": "LOG_INFO", "category": "LOG_GENERAL", "file": "D:/developing/c++/SauberZauber/modules/utilities/PopupHandler.cpp", "function": "render", "line": 44, "message": "Popup bestätigt: deleteSelected"}
{"timestamp": "2025-04-03 18:09:41", "level": "LOG_INFO", "category": "LOG_FILES", "file": "D:/developing/c++/SauberZauber/gui.cpp", "function": "operator()", "line": 474, "message": "Datei gelöscht: C:\Users\matte\Desktop\tech stuff\big.txt"}
{"timestamp": "2025-04-03 18:09:41", "level": "LOG_INFO", "category": "LOG_FILES", "file": "D:/developing/c++/SauberZauber/gui.cpp", "function": "operator()", "line": 474, "message": "Datei gelöscht: C:\Users\matte\Desktop\tech stuff\ScheduleOne.Economy1.txt"}
{"timestamp": "2025-04-03 18:09:45", "level": "LOG_INFO", "category": "LOG_CLEANING", "file": "D:/developing/c++/SauberZauber/gui.cpp", "function": "Render", "line": 346, "message": "Async-Scan gestartet für: C:\Users\matte\Desktop\tech stuff"}
{"timestamp": "2025-04-03 18:09:45", "level": "LOG_INFO", "category": "LOG_CLEANING", "file": "D:/developing/c++/SauberZauber/modules/cleaners/FindDuplicates.cpp", "function": "findInFolder", "line": 35, "message": "Starte Duplikat-Suche in: C:\Users\matte\Desktop\tech stuff"}
{"timestamp": "2025-04-03 18:09:45", "level": "LOG_INFO", "category": "LOG_CLEANING", "file": "D:/developing/c++/SauberZauber/modules/cleaners/FindFiles.cpp", "function": "findLargeFiles", "line": 13, "message": "Suche nach großen Dateien in: C:\Users\matte\Desktop\tech stuff"}
{"timestamp": "2025-04-03 18:09:45", "level": "LOG_INFO", "category": "LOG_CLEANING", "file": "D:/developing/c++/SauberZauber/modules/cleaners/FindFiles.cpp", "function": "findLargeFiles", "line": 41, "message": "Anzahl großer Dateien: 0"}
{"timestamp": "2025-04-03 18:09:45", "level": "LOG_INFO", "category": "LOG_CLEANING", "file": "D:/developing/c++/SauberZauber/gui.cpp", "function": "Render", "line": 368, "message": "Async-Scan abgeschlossen. Duplikate: 0, Große Dateien: 0"}
{"timestamp": "2025-04-03 18:09:46", "level": "LOG_INFO", "category": "LOG_CLEANING", "file": "D:/developing/c++/SauberZauber/gui.cpp", "function": "Render", "line": 346, "message": "Async-Scan gestartet für: C:\Users\matte\Desktop\tech stuff"}
{"timestamp": "2025-04-03 18:09:46", "level": "LOG_INFO", "category": "LOG_CLEANING", "file": "D:/developing/c++/SauberZauber/modules/cleaners/FindDuplicates.cpp", "function": "findInFolder", "line": 35, "message": "Starte Duplikat-Suche in: C:\Users\matte\Desktop\tech stuff"}
{"timestamp": "2025-04-03 18:09:46", "level": "LOG_INFO", "category": "LOG_CLEANING", "file": "D:/developing/c++/SauberZauber/modules/cleaners/FindFiles.cpp", "function": "findLargeFiles", "line": 13, "message": "Suche nach großen Dateien in: C:\Users\matte\Desktop\tech stuff"}
{"timestamp": "2025-04-03 18:09:46", "level": "LOG_INFO", "category": "LOG_CLEANING", "file": "D:/developing/c++/SauberZauber/modules/cleaners/FindFiles.cpp", "function": "findLargeFiles", "line": 41, "message": "Anzahl großer Dateien: 0"}
{"timestamp": "2025-04-03 18:09:46", "level": "LOG_INFO", "category": "LOG_CLEANING", "file": "D:/developing/c++/SauberZauber/gui.cpp", "function": "Render", "line": 368, "message": "Async-Scan abgeschlossen. Duplikate: 0, Große Dateien: 0"}
{"timestamp": "2025-04-03 18:09:46", "level": "LOG_INFO", "category": "LOG_CLEANING", "file": "D:/developing/c++/SauberZauber/gui.cpp", "function": "Render", "line": 346, "message": "Async-Scan gestartet für: C:\Users\matte\Desktop\tech stuff"}
{"timestamp": "2025-04-03 18:09:46", "level": "LOG_INFO", "category": "LOG_CLEANING", "file": "D:/developing/c++/SauberZauber/modules/cleaners/FindDuplicates.cpp", "function": "findInFolder", "line": 35, "message": "Starte Duplikat-Suche in: C:\Users\matte\Desktop\tech stuff"}
{"timestamp": "2025-04-03 18:09:46", "level": "LOG_INFO", "category": "LOG_CLEANING", "file": "D:/developing/c++/SauberZauber/modules/cleaners/FindFiles.cpp", "function": "findLargeFiles", "line": 13, "message": "Suche nach großen Dateien in: C:\Users\matte\Desktop\tech stuff"}
{"timestamp": "2025-04-03 18:09:46", "level": "LOG_INFO", "category": "LOG_CLEANING", "file": "D:/developing/c++/SauberZauber/modules/cleaners/FindFiles.cpp", "function": "findLargeFiles", "line": 41, "message": "Anzahl großer Dateien: 0"}
{"timestamp": "2025-04-03 18:09:46", "level": "LOG_INFO", "category": "LOG_CLEANING", "file": "D:/developing/c++/SauberZauber/gui.cpp", "function": "Render", "line": 368, "message": "Async-Scan abgeschlossen. Duplikate: 0, Große Dateien: 0"}
{"timestamp": "2025-04-03 18:12:31", "level": "LOG_INFO", "category": "LOG_CONFIG", "file": "D:/developing/c++/SauberZauber/modules/settings/ThemeManager.cpp", "function": "applyTheme", "line": 69, "message": "Applied theme: Dark"}
{"timestamp": "2025-04-03 18:12:31", "level": "LOG_INFO", "category": "LOG_CONFIG", "file": "D:/developing/c++/SauberZauber/modules/settings/ThemeManager.cpp", "function": "applyTheme", "line": 69, "message": "Applied theme: Dark"}
{"timestamp": "2025-04-03 18:12:55", "level": "LOG_INFO", "category": "LOG_CLEANING", "file": "D:/developing/c++/SauberZauber/gui.cpp", "function": "Render", "line": 346, "message": "Async-Scan gestartet für: C:"}
{"timestamp": "2025-04-03 18:12:55", "level": "LOG_INFO", "category": "LOG_CLEANING", "file": "D:/developing/c++/SauberZauber/modules/cleaners/FindDuplicates.cpp", "function": "findInFolder", "line": 35, "message": "Starte Duplikat-Suche in: C:"}
{"timestamp": "2025-04-03 18:12:55", "level": "LOG_ERROR", "category": "LOG_FILES", "file": "D:/developing/c++/SauberZauber/modules/cleaners/FindDuplicates.cpp", "function": "findInFolder", "line": 84, "message": "Fehler beim Durchsuchen: filesystem error: cannot increment recursive directory iterator: Invalid argument"}
{"timestamp": "2025-04-03 18:12:55", "level": "LOG_INFO", "category": "LOG_CLEANING", "file": "D:/developing/c++/SauberZauber/modules/cleaners/FindFiles.cpp", "function": "findLargeFiles", "line": 13, "message": "Suche nach großen Dateien in: C:"}
{"timestamp": "2025-04-03 18:12:55", "level": "LOG_ERROR", "category": "LOG_FILES", "file": "D:/developing/c++/SauberZauber/modules/cleaners/FindFiles.cpp", "function": "findLargeFiles", "line": 37, "message": "Fehler beim Durchsuchen: filesystem error: cannot increment recursive directory iterator: Invalid argument"}
{"timestamp": "2025-04-03 18:12:55", "level": "LOG_INFO", "category": "LOG_CLEANING", "file": "D:/developing/c++/SauberZauber/modules/cleaners/FindFiles.cpp", "function": "findLargeFiles", "line": 41, "message": "Anzahl großer Dateien: 0"}
{"timestamp": "2025-04-03 18:12:55", "level": "LOG_INFO", "category": "LOG_CLEANING", "file": "D:/developing/c++/SauberZauber/gui.cpp", "function": "Render", "line": 368, "message": "Async-Scan abgeschlossen. Duplikate: 0, Große Dateien: 0"}
{"timestamp": "2025-04-03 18:12:58", "level": "LOG_DEBUG", "category": "LOG_GENERAL", "file": "D:/developing/c++/SauberZauber/modules/utilities/getFolder.cpp", "function": "openDialog", "line": 14, "message": "Öffne Ordnerauswahl-Dialog"}
{"timestamp": "2025-04-03 18:13:01", "level": "LOG_INFO", "category": "LOG_GENERAL", "file": "D:/developing/c++/SauberZauber/modules/utilities/getFolder.cpp", "function": "openDialog", "line": 36, "message": "Ordner ausgewählt: C:\Users\matte\Desktop\tech stuff"}
{"timestamp": "2025-04-03 18:13:02", "level": "LOG_INFO", "category": "LOG_CLEANING", "file": "D:/developing/c++/SauberZauber/gui.cpp", "function": "Render", "line": 346, "message": "Async-Scan gestartet für: C:\Users\matte\Desktop\tech stuff"}
{"timestamp": "2025-04-03 18:13:02", "level": "LOG_INFO", "category": "LOG_CLEANING", "file": "D:/developing/c++/SauberZauber/modules/cleaners/FindDuplicates.cpp", "function": "findInFolder", "line": 35, "message": "Starte Duplikat-Suche in: C:\Users\matte\Desktop\tech stuff"}
{"timestamp": "2025-04-03 18:13:02", "level": "LOG_INFO", "category": "LOG_FILES", "file": "D:/developing/c++/SauberZauber/modules/cleaners/FindDuplicates.cpp", "function": "findInFolder", "line": 72, "message": "Duplikat gefunden: C:\Users\matte\Desktop\tech stuff\bndabwahji.txt <==> C:\Users\matte\Desktop\tech stuff\ScheduleOne.Economy.txt"}
{"timestamp": "2025-04-03 18:13:02", "level": "LOG_INFO", "category": "LOG_CLEANING", "file": "D:/developing/c++/SauberZauber/modules/cleaners/FindFiles.cpp", "function": "findLargeFiles", "line": 13, "message": "Suche nach großen Dateien in: C:\Users\matte\Desktop\tech stuff"}
{"timestamp": "2025-04-03 18:13:02", "level": "LOG_DEBUG", "category": "LOG_FILES", "file": "D:/developing/c++/SauberZauber/modules/cleaners/FindFiles.cpp", "function": "findLargeFiles", "line": 30, "message": "Große Datei gefunden: C:\Users\matte\Desktop\tech stuff\level1 (253097416 Bytes)"}
{"timestamp": "2025-04-03 18:13:02", "level": "LOG_INFO", "category": "LOG_CLEANING", "file": "D:/developing/c++/SauberZauber/modules/cleaners/FindFiles.cpp", "function": "findLargeFiles", "line": 41, "message": "Anzahl großer Dateien: 1"}
{"timestamp": "2025-04-03 18:13:02", "level": "LOG_INFO", "category": "LOG_CLEANING", "file": "D:/developing/c++/SauberZauber/gui.cpp", "function": "Render", "line": 368, "message": "Async-Scan abgeschlossen. Duplikate: 1, Große Dateien: 1"}
{"timestamp": "2025-04-03 18:13:07", "level": "LOG_DEBUG", "category": "LOG_GENERAL", "file": "D:/developing/c++/SauberZauber/modules/utilities/PopupHandler.cpp", "function": "openConfirmationPopup", "line": 21, "message": "Popup geöffnet: deleteSelected - Möchtest du die markierten Dateien wirklich löschen?"}
{"timestamp": "2025-04-03 18:13:09", "level": "LOG_INFO", "category": "LOG_GENERAL", "file": "D:/developing/c++/SauberZauber/modules/utilities/PopupHandler.cpp", "function": "render", "line": 44, "message": "Popup bestätigt: deleteSelected"}
{"timestamp": "2025-04-03 18:13:09", "level": "LOG_INFO", "category": "LOG_FILES", "file": "D:/developing/c++/SauberZauber/gui.cpp", "function": "operator()", "line": 474, "message": "Datei gelöscht: C:\Users\matte\Desktop\tech stuff\level1"}
{"timestamp": "2025-04-03 18:13:09", "level": "LOG_INFO", "category": "LOG_FILES", "file": "D:/developing/c++/SauberZauber/gui.cpp", "function": "operator()", "line": 474, "message": "Datei gelöscht: C:\Users\matte\Desktop\tech stuff\bndabwahji.txt"}
